<?xml version="1.0" encoding="UTF-8"?>
<!-- Generated by org.testng.reporters.JUnitXMLReporter -->
<testsuite ignored="0" hostname="LAPTOP-D45T86MK" failures="3" tests="5" name="Test" time="61.875" errors="0" timestamp="2026-05-29T21:44:35 IST">
  <testcase classname="testCases.TC3_LoginDataDrivenTestcase" name="verify_loginDDT" time="5.922"/>
  <testcase classname="testCases.TC3_LoginDataDrivenTestcase" name="verify_loginDDT" time="12.405">
    <failure type="java.lang.AssertionError" message="null">
      <![CDATA[java.lang.AssertionError: null
at testCases.TC3_LoginDataDrivenTestcase.verify_loginDDT(TC3_LoginDataDrivenTestcase.java:75)
at java.base/java.util.ArrayList.forEach(ArrayList.java:1596)
... Removed 27 stack frames]]>
    </failure>
  </testcase> <!-- verify_loginDDT -->
  <testcase classname="testCases.TC3_LoginDataDrivenTestcase" name="verify_loginDDT" time="11.582">
    <failure type="java.lang.AssertionError" message="null">
      <![CDATA[java.lang.AssertionError: null
at testCases.TC3_LoginDataDrivenTestcase.verify_loginDDT(TC3_LoginDataDrivenTestcase.java:75)
at java.base/java.util.ArrayList.forEach(ArrayList.java:1596)
... Removed 27 stack frames]]>
    </failure>
  </testcase> <!-- verify_loginDDT -->
  <testcase classname="testCases.TC3_LoginDataDrivenTestcase" name="verify_loginDDT" time="11.926">
    <failure type="java.lang.AssertionError" message="null">
      <![CDATA[java.lang.AssertionError: null
at testCases.TC3_LoginDataDrivenTestcase.verify_loginDDT(TC3_LoginDataDrivenTestcase.java:75)
at java.base/java.util.ArrayList.forEach(ArrayList.java:1596)
... Removed 27 stack frames]]>
    </failure>
  </testcase> <!-- verify_loginDDT -->
  <testcase classname="testCases.TC3_LoginDataDrivenTestcase" name="verify_loginDDT" time="3.354"/>
</testsuite> <!-- Test -->
