<?xml version="1.0" encoding="UTF-8"?>
<testng-results ignored="0" total="2" passed="2" failed="0" skipped="0">
  <reporter-output>
  </reporter-output>
  <suite started-at="2026-05-31T14:26:32 IST" name="Suite" finished-at="2026-05-31T14:26:54 IST" duration-ms="21632">
    <groups>
      <group name="Master">
        <method signature="TC1_AccountRegTest.verify_account_registration()[pri:0, instance:testCases.TC1_AccountRegTest@1f3f02ee]" name="verify_account_registration" class="testCases.TC1_AccountRegTest"/>
        <method signature="TC2_LoginTest.verify_login()[pri:0, instance:testCases.TC2_LoginTest@7ca20101]" name="verify_login" class="testCases.TC2_LoginTest"/>
      </group> <!-- Master -->
      <group name="Sanity">
        <method signature="TC2_LoginTest.verify_login()[pri:0, instance:testCases.TC2_LoginTest@7ca20101]" name="verify_login" class="testCases.TC2_LoginTest"/>
      </group> <!-- Sanity -->
      <group name="Regression">
        <method signature="TC1_AccountRegTest.verify_account_registration()[pri:0, instance:testCases.TC1_AccountRegTest@1f3f02ee]" name="verify_account_registration" class="testCases.TC1_AccountRegTest"/>
      </group> <!-- Regression -->
    </groups>
    <test started-at="2026-05-31T14:26:32 IST" name="Test" finished-at="2026-05-31T14:26:54 IST" duration-ms="21632">
      <class name="testCases.TC1_AccountRegTest">
        <test-method is-config="true" signature="setup(java.lang.String,java.lang.String)[pri:0, instance:testCases.TC1_AccountRegTest@1f3f02ee]" started-at="2026-05-31T14:26:32 IST" name="setup" finished-at="2026-05-31T14:26:42 IST" duration-ms="10084" status="PASS">
          <params>
            <param index="0">
              <value>
                <![CDATA[Windows]]>
              </value>
            </param>
            <param index="1">
              <value>
                <![CDATA[chrome]]>
              </value>
            </param>
          </params>
          <reporter-output>
          </reporter-output>
        </test-method> <!-- setup -->
        <test-method signature="verify_account_registration()[pri:0, instance:testCases.TC1_AccountRegTest@1f3f02ee]" started-at="2026-05-31T14:26:42 IST" name="verify_account_registration" finished-at="2026-05-31T14:26:45 IST" duration-ms="2562" status="PASS">
          <reporter-output>
          </reporter-output>
        </test-method> <!-- verify_account_registration -->
        <test-method is-config="true" signature="tearDown()[pri:0, instance:testCases.TC1_AccountRegTest@1f3f02ee]" started-at="2026-05-31T14:26:45 IST" name="tearDown" finished-at="2026-05-31T14:26:46 IST" duration-ms="1006" status="PASS">
          <reporter-output>
          </reporter-output>
        </test-method> <!-- tearDown -->
      </class> <!-- testCases.TC1_AccountRegTest -->
      <class name="testCases.TC2_LoginTest">
        <test-method is-config="true" signature="setup(java.lang.String,java.lang.String)[pri:0, instance:testCases.TC2_LoginTest@7ca20101]" started-at="2026-05-31T14:26:46 IST" name="setup" finished-at="2026-05-31T14:26:52 IST" duration-ms="5704" status="PASS">
          <params>
            <param index="0">
              <value>
                <![CDATA[Windows]]>
              </value>
            </param>
            <param index="1">
              <value>
                <![CDATA[chrome]]>
              </value>
            </param>
          </params>
          <reporter-output>
          </reporter-output>
        </test-method> <!-- setup -->
        <test-method signature="verify_login()[pri:0, instance:testCases.TC2_LoginTest@7ca20101]" started-at="2026-05-31T14:26:52 IST" name="verify_login" finished-at="2026-05-31T14:26:53 IST" duration-ms="1576" status="PASS">
          <reporter-output>
          </reporter-output>
        </test-method> <!-- verify_login -->
        <test-method is-config="true" signature="tearDown()[pri:0, instance:testCases.TC2_LoginTest@7ca20101]" started-at="2026-05-31T14:26:53 IST" name="tearDown" finished-at="2026-05-31T14:26:54 IST" duration-ms="275" status="PASS">
          <reporter-output>
          </reporter-output>
        </test-method> <!-- tearDown -->
      </class> <!-- testCases.TC2_LoginTest -->
    </test> <!-- Test -->
  </suite> <!-- Suite -->
</testng-results>
